  AI.cpp
C:\Users\19177\source\repos\Nightingale\TNAFN\HealthBar.h(53,22): warning C4305: 'initializing': truncation from 'double' to 'float'
C:\Users\19177\source\repos\Nightingale\TNAFN\AI.h(29,24): warning C4305: 'initializing': truncation from 'double' to 'float'
C:\Users\19177\source\repos\Nightingale\TNAFN\AI.cpp(158,22): warning C4305: '=': truncation from 'double' to 'float'
  AnimationController.cpp
  AnimationSystem.cpp
  BackEnd.cpp
C:\Users\19177\source\repos\Nightingale\TNAFN\HealthBar.h(53,22): warning C4305: 'initializing': truncation from 'double' to 'float'
C:\Users\19177\source\repos\Nightingale\TNAFN\AI.h(29,24): warning C4305: 'initializing': truncation from 'double' to 'float'
C:\Users\19177\source\repos\Nightingale\TNAFN\ContactListener.h(24,6): warning C4311: 'type cast': pointer truncation from 'void *' to 'int'
C:\Users\19177\source\repos\Nightingale\TNAFN\ContactListener.h(24,6): warning C4302: 'type cast': truncation from 'void *' to 'int'
C:\Users\19177\source\repos\Nightingale\TNAFN\ContactListener.h(28,6): warning C4311: 'type cast': pointer truncation from 'void *' to 'int'
C:\Users\19177\source\repos\Nightingale\TNAFN\ContactListener.h(28,6): warning C4302: 'type cast': truncation from 'void *' to 'int'
C:\Users\19177\source\repos\Nightingale\TNAFN\ContactListener.h(39,6): warning C4311: 'type cast': pointer truncation from 'void *' to 'int'
C:\Users\19177\source\repos\Nightingale\TNAFN\ContactListener.h(39,6): warning C4302: 'type cast': truncation from 'void *' to 'int'
C:\Users\19177\source\repos\Nightingale\TNAFN\ContactListener.h(45,6): warning C4311: 'type cast': pointer truncation from 'void *' to 'int'
C:\Users\19177\source\repos\Nightingale\TNAFN\ContactListener.h(45,6): warning C4302: 'type cast': truncation from 'void *' to 'int'
  Barrel.cpp
C:\Users\19177\source\repos\Nightingale\TNAFN\HealthBar.h(53,22): warning C4305: 'initializing': truncation from 'double' to 'float'
C:\Users\19177\source\repos\Nightingale\TNAFN\AI.h(29,24): warning C4305: 'initializing': truncation from 'double' to 'float'
C:\Users\19177\source\repos\Nightingale\TNAFN\Barrel.cpp(25,60): warning C4244: 'argument': conversion from 'int' to 'float', possible loss of data
C:\Users\19177\source\repos\Nightingale\TNAFN\Barrel.cpp(25,57): warning C4244: 'argument': conversion from 'int' to 'float', possible loss of data
C:\Users\19177\source\repos\Nightingale\TNAFN\Barrel.cpp(53,29): warning C4305: '=': truncation from 'double' to 'float'
C:\Users\19177\source\repos\Nightingale\TNAFN\Barrel.cpp(56,29): warning C4305: '=': truncation from 'double' to 'float'
C:\Users\19177\source\repos\Nightingale\TNAFN\Barrel.cpp(62,28): warning C4305: '=': truncation from 'double' to 'float'
C:\Users\19177\source\repos\Nightingale\TNAFN\Barrel.cpp(65,29): warning C4305: '=': truncation from 'double' to 'float'
  BloomEffect.cpp
  Bullet.cpp
C:\Users\19177\source\repos\Nightingale\TNAFN\HealthBar.h(53,22): warning C4305: 'initializing': truncation from 'double' to 'float'
C:\Users\19177\source\repos\Nightingale\TNAFN\AI.h(29,24): warning C4305: 'initializing': truncation from 'double' to 'float'
C:\Users\19177\source\repos\Nightingale\TNAFN\Bullet.cpp(47,16): warning C4244: 'initializing': conversion from 'int' to 'float', possible loss of data
C:\Users\19177\source\repos\Nightingale\TNAFN\Bullet.cpp(48,16): warning C4244: 'initializing': conversion from 'int' to 'float', possible loss of data
  Camera.cpp
  CameraSystem.cpp
  ECS.cpp
C:\Users\19177\source\repos\Nightingale\TNAFN\HealthBar.h(53,22): warning C4305: 'initializing': truncation from 'double' to 'float'
C:\Users\19177\source\repos\Nightingale\TNAFN\AI.h(29,24): warning C4305: 'initializing': truncation from 'double' to 'float'
  EffectManager.cpp
C:\Users\19177\source\repos\Nightingale\TNAFN\HealthBar.h(53,22): warning C4305: 'initializing': truncation from 'double' to 'float'
C:\Users\19177\source\repos\Nightingale\TNAFN\AI.h(29,24): warning C4305: 'initializing': truncation from 'double' to 'float'
C:\Users\19177\source\repos\Nightingale\TNAFN\ContactListener.h(24,6): warning C4311: 'type cast': pointer truncation from 'void *' to 'int'
C:\Users\19177\source\repos\Nightingale\TNAFN\ContactListener.h(24,6): warning C4302: 'type cast': truncation from 'void *' to 'int'
C:\Users\19177\source\repos\Nightingale\TNAFN\ContactListener.h(28,6): warning C4311: 'type cast': pointer truncation from 'void *' to 'int'
C:\Users\19177\source\repos\Nightingale\TNAFN\ContactListener.h(28,6): warning C4302: 'type cast': truncation from 'void *' to 'int'
C:\Users\19177\source\repos\Nightingale\TNAFN\ContactListener.h(39,6): warning C4311: 'type cast': pointer truncation from 'void *' to 'int'
C:\Users\19177\source\repos\Nightingale\TNAFN\ContactListener.h(39,6): warning C4302: 'type cast': truncation from 'void *' to 'int'
C:\Users\19177\source\repos\Nightingale\TNAFN\ContactListener.h(45,6): warning C4311: 'type cast': pointer truncation from 'void *' to 'int'
C:\Users\19177\source\repos\Nightingale\TNAFN\ContactListener.h(45,6): warning C4302: 'type cast': truncation from 'void *' to 'int'
  Enemy.cpp
C:\Users\19177\source\repos\Nightingale\TNAFN\HealthBar.h(53,22): warning C4305: 'initializing': truncation from 'double' to 'float'
C:\Users\19177\source\repos\Nightingale\TNAFN\AI.h(29,24): warning C4305: 'initializing': truncation from 'double' to 'float'
C:\Users\19177\source\repos\Nightingale\TNAFN\Enemy.cpp(72,30): warning C4305: 'argument': truncation from 'double' to 'float'
C:\Users\19177\source\repos\Nightingale\TNAFN\Enemy.cpp(76,116): warning C4244: 'argument': conversion from 'float' to 'int', possible loss of data
C:\Users\19177\source\repos\Nightingale\TNAFN\Enemy.cpp(88,46): warning C4312: 'type cast': conversion from 'unsigned int' to 'void *' of greater size
  EntityIdentifier.cpp
  Framebuffer.cpp
  Game.cpp
C:\Users\19177\source\repos\Nightingale\TNAFN\HealthBar.h(53,22): warning C4305: 'initializing': truncation from 'double' to 'float'
C:\Users\19177\source\repos\Nightingale\TNAFN\AI.h(29,24): warning C4305: 'initializing': truncation from 'double' to 'float'
C:\Users\19177\source\repos\Nightingale\TNAFN\ContactListener.h(24,6): warning C4311: 'type cast': pointer truncation from 'void *' to 'int'
C:\Users\19177\source\repos\Nightingale\TNAFN\ContactListener.h(24,6): warning C4302: 'type cast': truncation from 'void *' to 'int'
C:\Users\19177\source\repos\Nightingale\TNAFN\ContactListener.h(28,6): warning C4311: 'type cast': pointer truncation from 'void *' to 'int'
C:\Users\19177\source\repos\Nightingale\TNAFN\ContactListener.h(28,6): warning C4302: 'type cast': truncation from 'void *' to 'int'
C:\Users\19177\source\repos\Nightingale\TNAFN\ContactListener.h(39,6): warning C4311: 'type cast': pointer truncation from 'void *' to 'int'
C:\Users\19177\source\repos\Nightingale\TNAFN\ContactListener.h(39,6): warning C4302: 'type cast': truncation from 'void *' to 'int'
C:\Users\19177\source\repos\Nightingale\TNAFN\ContactListener.h(45,6): warning C4311: 'type cast': pointer truncation from 'void *' to 'int'
C:\Users\19177\source\repos\Nightingale\TNAFN\ContactListener.h(45,6): warning C4302: 'type cast': truncation from 'void *' to 'int'
C:\Users\19177\source\repos\Nightingale\TNAFN\PlayerActionController.h(6,32): warning C4305: 'initializing': truncation from 'double' to 'float'
C:\Users\19177\source\repos\Nightingale\TNAFN\PlayerActionController.h(7,32): warning C4305: 'initializing': truncation from 'double' to 'float'
C:\Users\19177\source\repos\Nightingale\TNAFN\PlayerActionController.h(8,32): warning C4305: 'initializing': truncation from 'double' to 'float'
C:\Users\19177\source\repos\Nightingale\TNAFN\PlayerActionController.h(10,30): warning C4305: 'initializing': truncation from 'double' to 'float'
  GPCSound.cpp
C:\Users\19177\source\repos\Nightingale\TNAFN\GPCSound.cpp(44,27): warning C4267: 'return': conversion from 'size_t' to 'unsigned int', possible loss of data
C:\Users\19177\source\repos\Nightingale\TNAFN\GPCSound.cpp(54,34): warning C4267: 'return': conversion from 'size_t' to 'unsigned int', possible loss of data
  GrainEffect.cpp
  GreyscaleEffect.cpp
  HealthBar.cpp
C:\Users\19177\source\repos\Nightingale\TNAFN\AI.h(29,24): warning C4305: 'initializing': truncation from 'double' to 'float'
C:\Users\19177\source\repos\Nightingale\TNAFN\HealthBar.h(53,22): warning C4305: 'initializing': truncation from 'double' to 'float'
C:\Users\19177\source\repos\Nightingale\TNAFN\HealthBar.cpp(87,117): warning C4244: 'argument': conversion from 'float' to 'int', possible loss of data
C:\Users\19177\source\repos\Nightingale\TNAFN\HealthBar.cpp(106,51): warning C4244: 'argument': conversion from 'float' to 'int', possible loss of data
C:\Users\19177\source\repos\Nightingale\TNAFN\HealthBar.cpp(202,17): warning C4305: '=': truncation from 'double' to 'float'
  HelloWorld.cpp
C:\Users\19177\source\repos\Nightingale\TNAFN\HealthBar.h(53,22): warning C4305: 'initializing': truncation from 'double' to 'float'
C:\Users\19177\source\repos\Nightingale\TNAFN\AI.h(29,24): warning C4305: 'initializing': truncation from 'double' to 'float'
C:\Users\19177\source\repos\Nightingale\TNAFN\ContactListener.h(24,6): warning C4311: 'type cast': pointer truncation from 'void *' to 'int'
C:\Users\19177\source\repos\Nightingale\TNAFN\ContactListener.h(24,6): warning C4302: 'type cast': truncation from 'void *' to 'int'
C:\Users\19177\source\repos\Nightingale\TNAFN\ContactListener.h(28,6): warning C4311: 'type cast': pointer truncation from 'void *' to 'int'
C:\Users\19177\source\repos\Nightingale\TNAFN\ContactListener.h(28,6): warning C4302: 'type cast': truncation from 'void *' to 'int'
C:\Users\19177\source\repos\Nightingale\TNAFN\ContactListener.h(39,6): warning C4311: 'type cast': pointer truncation from 'void *' to 'int'
C:\Users\19177\source\repos\Nightingale\TNAFN\ContactListener.h(39,6): warning C4302: 'type cast': truncation from 'void *' to 'int'
C:\Users\19177\source\repos\Nightingale\TNAFN\ContactListener.h(45,6): warning C4311: 'type cast': pointer truncation from 'void *' to 'int'
C:\Users\19177\source\repos\Nightingale\TNAFN\ContactListener.h(45,6): warning C4302: 'type cast': truncation from 'void *' to 'int'
C:\Users\19177\source\repos\Nightingale\TNAFN\HelloWorld.cpp(133,19): warning C4305: 'argument': truncation from 'double' to 'float32'
C:\Users\19177\source\repos\Nightingale\TNAFN\HelloWorld.cpp(210,252): warning C4244: 'argument': conversion from 'float' to 'int', possible loss of data
C:\Users\19177\source\repos\Nightingale\TNAFN\HelloWorld.cpp(210,171): warning C4244: 'argument': conversion from 'float32' to 'int', possible loss of data
C:\Users\19177\source\repos\Nightingale\TNAFN\HelloWorld.cpp(210,91): warning C4244: 'argument': conversion from 'float32' to 'int', possible loss of data
C:\Users\19177\source\repos\Nightingale\TNAFN\HelloWorld.cpp(260,30): warning C4305: 'argument': truncation from 'double' to 'float'
  Generating Code...
  Compiling...
  HorizontalScroll.cpp
  imgui.cpp
  imgui_demo.cpp
  imgui_draw.cpp
  imgui_impl.cpp
  imgui_widgets.cpp
  Input.cpp
  JSON.cpp
  main.cpp
C:\Users\19177\source\repos\Nightingale\TNAFN\HealthBar.h(53,22): warning C4305: 'initializing': truncation from 'double' to 'float'
C:\Users\19177\source\repos\Nightingale\TNAFN\AI.h(29,24): warning C4305: 'initializing': truncation from 'double' to 'float'
C:\Users\19177\source\repos\Nightingale\TNAFN\ContactListener.h(24,6): warning C4311: 'type cast': pointer truncation from 'void *' to 'int'
C:\Users\19177\source\repos\Nightingale\TNAFN\ContactListener.h(24,6): warning C4302: 'type cast': truncation from 'void *' to 'int'
C:\Users\19177\source\repos\Nightingale\TNAFN\ContactListener.h(28,6): warning C4311: 'type cast': pointer truncation from 'void *' to 'int'
C:\Users\19177\source\repos\Nightingale\TNAFN\ContactListener.h(28,6): warning C4302: 'type cast': truncation from 'void *' to 'int'
C:\Users\19177\source\repos\Nightingale\TNAFN\ContactListener.h(39,6): warning C4311: 'type cast': pointer truncation from 'void *' to 'int'
C:\Users\19177\source\repos\Nightingale\TNAFN\ContactListener.h(39,6): warning C4302: 'type cast': truncation from 'void *' to 'int'
C:\Users\19177\source\repos\Nightingale\TNAFN\ContactListener.h(45,6): warning C4311: 'type cast': pointer truncation from 'void *' to 'int'
C:\Users\19177\source\repos\Nightingale\TNAFN\ContactListener.h(45,6): warning C4302: 'type cast': truncation from 'void *' to 'int'
C:\Users\19177\source\repos\Nightingale\TNAFN\main.cpp(6,6): warning C4101: 'frameTime': unreferenced local variable
  Matrix.cpp
  PhysicsBody.cpp
C:\Users\19177\source\repos\Nightingale\TNAFN\HealthBar.h(53,22): warning C4305: 'initializing': truncation from 'double' to 'float'
C:\Users\19177\source\repos\Nightingale\TNAFN\AI.h(29,24): warning C4305: 'initializing': truncation from 'double' to 'float'
  PhysicsSystem.cpp
C:\Users\19177\source\repos\Nightingale\TNAFN\HealthBar.h(53,22): warning C4305: 'initializing': truncation from 'double' to 'float'
C:\Users\19177\source\repos\Nightingale\TNAFN\AI.h(29,24): warning C4305: 'initializing': truncation from 'double' to 'float'
  PixelateEffect.cpp
  Player.cpp
C:\Users\19177\source\repos\Nightingale\TNAFN\HealthBar.h(53,22): warning C4305: 'initializing': truncation from 'double' to 'float'
C:\Users\19177\source\repos\Nightingale\TNAFN\AI.h(29,24): warning C4305: 'initializing': truncation from 'double' to 'float'
C:\Users\19177\source\repos\Nightingale\TNAFN\Player.cpp(63,30): warning C4305: 'argument': truncation from 'double' to 'float'
C:\Users\19177\source\repos\Nightingale\TNAFN\Player.cpp(75,46): warning C4312: 'type cast': conversion from 'unsigned int' to 'void *' of greater size
  PlayerActionController.cpp
C:\Users\19177\source\repos\Nightingale\TNAFN\HealthBar.h(53,22): warning C4305: 'initializing': truncation from 'double' to 'float'
C:\Users\19177\source\repos\Nightingale\TNAFN\AI.h(29,24): warning C4305: 'initializing': truncation from 'double' to 'float'
C:\Users\19177\source\repos\Nightingale\TNAFN\ContactListener.h(24,6): warning C4311: 'type cast': pointer truncation from 'void *' to 'int'
C:\Users\19177\source\repos\Nightingale\TNAFN\ContactListener.h(24,6): warning C4302: 'type cast': truncation from 'void *' to 'int'
C:\Users\19177\source\repos\Nightingale\TNAFN\ContactListener.h(28,6): warning C4311: 'type cast': pointer truncation from 'void *' to 'int'
C:\Users\19177\source\repos\Nightingale\TNAFN\ContactListener.h(28,6): warning C4302: 'type cast': truncation from 'void *' to 'int'
C:\Users\19177\source\repos\Nightingale\TNAFN\ContactListener.h(39,6): warning C4311: 'type cast': pointer truncation from 'void *' to 'int'
C:\Users\19177\source\repos\Nightingale\TNAFN\ContactListener.h(39,6): warning C4302: 'type cast': truncation from 'void *' to 'int'
C:\Users\19177\source\repos\Nightingale\TNAFN\ContactListener.h(45,6): warning C4311: 'type cast': pointer truncation from 'void *' to 'int'
C:\Users\19177\source\repos\Nightingale\TNAFN\ContactListener.h(45,6): warning C4302: 'type cast': truncation from 'void *' to 'int'
C:\Users\19177\source\repos\Nightingale\TNAFN\PlayerActionController.h(6,32): warning C4305: 'initializing': truncation from 'double' to 'float'
C:\Users\19177\source\repos\Nightingale\TNAFN\PlayerActionController.h(7,32): warning C4305: 'initializing': truncation from 'double' to 'float'
C:\Users\19177\source\repos\Nightingale\TNAFN\PlayerActionController.h(8,32): warning C4305: 'initializing': truncation from 'double' to 'float'
C:\Users\19177\source\repos\Nightingale\TNAFN\PlayerActionController.h(10,30): warning C4305: 'initializing': truncation from 'double' to 'float'
C:\Users\19177\source\repos\Nightingale\TNAFN\PlayerActionController.cpp(143,22): warning C4305: '=': truncation from 'double' to 'float'
C:\Users\19177\source\repos\Nightingale\TNAFN\PlayerActionController.cpp(155,22): warning C4305: '=': truncation from 'double' to 'float'
C:\Users\19177\source\repos\Nightingale\TNAFN\PlayerActionController.cpp(161,22): warning C4305: '=': truncation from 'double' to 'float'
C:\Users\19177\source\repos\Nightingale\TNAFN\PlayerActionController.cpp(240,21): warning C4244: '=': conversion from 'int' to 'float', possible loss of data
C:\Users\19177\source\repos\Nightingale\TNAFN\PlayerActionController.cpp(331,10): warning C4244: 'return': conversion from 'int' to 'float', possible loss of data
C:\Users\19177\source\repos\Nightingale\TNAFN\PlayerActionController.cpp(348,19): warning C4305: '=': truncation from 'double' to 'float'
C:\Users\19177\source\repos\Nightingale\TNAFN\PlayerActionController.cpp(349,35): warning C4244: 'argument': conversion from 'int' to 'float32', possible loss of data
C:\Users\19177\source\repos\Nightingale\TNAFN\PlayerActionController.cpp(359,36): warning C4244: 'argument': conversion from 'int' to 'float32', possible loss of data
  PostEffect.cpp
  RenderingSystem.cpp
C:\Users\19177\source\repos\Nightingale\TNAFN\HealthBar.h(53,22): warning C4305: 'initializing': truncation from 'double' to 'float'
C:\Users\19177\source\repos\Nightingale\TNAFN\AI.h(29,24): warning C4305: 'initializing': truncation from 'double' to 'float'
C:\Users\19177\source\repos\Nightingale\TNAFN\ContactListener.h(24,6): warning C4311: 'type cast': pointer truncation from 'void *' to 'int'
C:\Users\19177\source\repos\Nightingale\TNAFN\ContactListener.h(24,6): warning C4302: 'type cast': truncation from 'void *' to 'int'
C:\Users\19177\source\repos\Nightingale\TNAFN\ContactListener.h(28,6): warning C4311: 'type cast': pointer truncation from 'void *' to 'int'
C:\Users\19177\source\repos\Nightingale\TNAFN\ContactListener.h(28,6): warning C4302: 'type cast': truncation from 'void *' to 'int'
C:\Users\19177\source\repos\Nightingale\TNAFN\ContactListener.h(39,6): warning C4311: 'type cast': pointer truncation from 'void *' to 'int'
C:\Users\19177\source\repos\Nightingale\TNAFN\ContactListener.h(39,6): warning C4302: 'type cast': truncation from 'void *' to 'int'
C:\Users\19177\source\repos\Nightingale\TNAFN\ContactListener.h(45,6): warning C4311: 'type cast': pointer truncation from 'void *' to 'int'
C:\Users\19177\source\repos\Nightingale\TNAFN\ContactListener.h(45,6): warning C4302: 'type cast': truncation from 'void *' to 'int'
  Scene.cpp
C:\Users\19177\source\repos\Nightingale\TNAFN\HealthBar.h(53,22): warning C4305: 'initializing': truncation from 'double' to 'float'
C:\Users\19177\source\repos\Nightingale\TNAFN\AI.h(29,24): warning C4305: 'initializing': truncation from 'double' to 'float'
C:\Users\19177\source\repos\Nightingale\TNAFN\ContactListener.h(24,6): warning C4311: 'type cast': pointer truncation from 'void *' to 'int'
C:\Users\19177\source\repos\Nightingale\TNAFN\ContactListener.h(24,6): warning C4302: 'type cast': truncation from 'void *' to 'int'
C:\Users\19177\source\repos\Nightingale\TNAFN\ContactListener.h(28,6): warning C4311: 'type cast': pointer truncation from 'void *' to 'int'
C:\Users\19177\source\repos\Nightingale\TNAFN\ContactListener.h(28,6): warning C4302: 'type cast': truncation from 'void *' to 'int'
C:\Users\19177\source\repos\Nightingale\TNAFN\ContactListener.h(39,6): warning C4311: 'type cast': pointer truncation from 'void *' to 'int'
C:\Users\19177\source\repos\Nightingale\TNAFN\ContactListener.h(39,6): warning C4302: 'type cast': truncation from 'void *' to 'int'
C:\Users\19177\source\repos\Nightingale\TNAFN\ContactListener.h(45,6): warning C4311: 'type cast': pointer truncation from 'void *' to 'int'
C:\Users\19177\source\repos\Nightingale\TNAFN\ContactListener.h(45,6): warning C4302: 'type cast': truncation from 'void *' to 'int'
  SceneEditor.cpp
C:\Users\19177\source\repos\Nightingale\TNAFN\HealthBar.h(53,22): warning C4305: 'initializing': truncation from 'double' to 'float'
C:\Users\19177\source\repos\Nightingale\TNAFN\AI.h(29,24): warning C4305: 'initializing': truncation from 'double' to 'float'
C:\Users\19177\source\repos\Nightingale\TNAFN\ContactListener.h(24,6): warning C4311: 'type cast': pointer truncation from 'void *' to 'int'
C:\Users\19177\source\repos\Nightingale\TNAFN\ContactListener.h(24,6): warning C4302: 'type cast': truncation from 'void *' to 'int'
C:\Users\19177\source\repos\Nightingale\TNAFN\ContactListener.h(28,6): warning C4311: 'type cast': pointer truncation from 'void *' to 'int'
C:\Users\19177\source\repos\Nightingale\TNAFN\ContactListener.h(28,6): warning C4302: 'type cast': truncation from 'void *' to 'int'
C:\Users\19177\source\repos\Nightingale\TNAFN\ContactListener.h(39,6): warning C4311: 'type cast': pointer truncation from 'void *' to 'int'
C:\Users\19177\source\repos\Nightingale\TNAFN\ContactListener.h(39,6): warning C4302: 'type cast': truncation from 'void *' to 'int'
C:\Users\19177\source\repos\Nightingale\TNAFN\ContactListener.h(45,6): warning C4311: 'type cast': pointer truncation from 'void *' to 'int'
C:\Users\19177\source\repos\Nightingale\TNAFN\ContactListener.h(45,6): warning C4302: 'type cast': truncation from 'void *' to 'int'
  Selectable.cpp
  Generating Code...
  Compiling...
  SelectiveColorEffect.cpp
  SepiaEffect.cpp
  Shader.cpp
  Source.cpp
  Sprite.cpp
  Texture.cpp
  TextureManager.cpp
  Timer.cpp
  Transform.cpp
  UI.cpp
  Utilities.cpp
C:\Users\19177\source\repos\Nightingale\TNAFN\HealthBar.h(53,22): warning C4305: 'initializing': truncation from 'double' to 'float'
C:\Users\19177\source\repos\Nightingale\TNAFN\AI.h(29,24): warning C4305: 'initializing': truncation from 'double' to 'float'
C:\Users\19177\source\repos\Nightingale\TNAFN\ContactListener.h(24,6): warning C4311: 'type cast': pointer truncation from 'void *' to 'int'
C:\Users\19177\source\repos\Nightingale\TNAFN\ContactListener.h(24,6): warning C4302: 'type cast': truncation from 'void *' to 'int'
C:\Users\19177\source\repos\Nightingale\TNAFN\ContactListener.h(28,6): warning C4311: 'type cast': pointer truncation from 'void *' to 'int'
C:\Users\19177\source\repos\Nightingale\TNAFN\ContactListener.h(28,6): warning C4302: 'type cast': truncation from 'void *' to 'int'
C:\Users\19177\source\repos\Nightingale\TNAFN\ContactListener.h(39,6): warning C4311: 'type cast': pointer truncation from 'void *' to 'int'
C:\Users\19177\source\repos\Nightingale\TNAFN\ContactListener.h(39,6): warning C4302: 'type cast': truncation from 'void *' to 'int'
C:\Users\19177\source\repos\Nightingale\TNAFN\ContactListener.h(45,6): warning C4311: 'type cast': pointer truncation from 'void *' to 'int'
C:\Users\19177\source\repos\Nightingale\TNAFN\ContactListener.h(45,6): warning C4302: 'type cast': truncation from 'void *' to 'int'
  Vector.cpp
  VertexManager.cpp
  VerticalScroll.cpp
  VignetteEffect.cpp
  WeaponHand.cpp
C:\Users\19177\source\repos\Nightingale\TNAFN\HealthBar.h(53,22): warning C4305: 'initializing': truncation from 'double' to 'float'
C:\Users\19177\source\repos\Nightingale\TNAFN\AI.h(29,24): warning C4305: 'initializing': truncation from 'double' to 'float'
C:\Users\19177\source\repos\Nightingale\TNAFN\WeaponHand.cpp(28,60): warning C4244: 'argument': conversion from 'int' to 'float', possible loss of data
C:\Users\19177\source\repos\Nightingale\TNAFN\WeaponHand.cpp(28,58): warning C4244: 'argument': conversion from 'int' to 'float', possible loss of data
C:\Users\19177\source\repos\Nightingale\TNAFN\WeaponHand.cpp(28,56): warning C4244: 'argument': conversion from 'int' to 'float', possible loss of data
  Window.cpp
  XInput.cpp
  Generating Code...
SOIL_ext.lib(etc1_utils.obj) : warning LNK4099: PDB 'soil2-debug.pdb' was not found with 'SOIL_ext.lib(etc1_utils.obj)' or at 'C:\Users\19177\source\repos\Nightingale\x64\Debug\soil2-debug.pdb'; linking object as if no debug info
SOIL_ext.lib(image_DXT.obj) : warning LNK4099: PDB 'soil2-debug.pdb' was not found with 'SOIL_ext.lib(image_DXT.obj)' or at 'C:\Users\19177\source\repos\Nightingale\x64\Debug\soil2-debug.pdb'; linking object as if no debug info
SOIL_ext.lib(image_helper.obj) : warning LNK4099: PDB 'soil2-debug.pdb' was not found with 'SOIL_ext.lib(image_helper.obj)' or at 'C:\Users\19177\source\repos\Nightingale\x64\Debug\soil2-debug.pdb'; linking object as if no debug info
SOIL_ext.lib(SOIL2.obj) : warning LNK4099: PDB 'soil2-debug.pdb' was not found with 'SOIL_ext.lib(SOIL2.obj)' or at 'C:\Users\19177\source\repos\Nightingale\x64\Debug\soil2-debug.pdb'; linking object as if no debug info
Box2D.lib(b2ChainShape.obj) : warning LNK4099: PDB 'Box2D.pdb' was not found with 'Box2D.lib(b2ChainShape.obj)' or at 'C:\Users\19177\source\repos\Nightingale\x64\Debug\Box2D.pdb'; linking object as if no debug info
Box2D.lib(b2CircleShape.obj) : warning LNK4099: PDB 'Box2D.pdb' was not found with 'Box2D.lib(b2CircleShape.obj)' or at 'C:\Users\19177\source\repos\Nightingale\x64\Debug\Box2D.pdb'; linking object as if no debug info
Box2D.lib(b2EdgeShape.obj) : warning LNK4099: PDB 'Box2D.pdb' was not found with 'Box2D.lib(b2EdgeShape.obj)' or at 'C:\Users\19177\source\repos\Nightingale\x64\Debug\Box2D.pdb'; linking object as if no debug info
Box2D.lib(b2PolygonShape.obj) : warning LNK4099: PDB 'Box2D.pdb' was not found with 'Box2D.lib(b2PolygonShape.obj)' or at 'C:\Users\19177\source\repos\Nightingale\x64\Debug\Box2D.pdb'; linking object as if no debug info
Box2D.lib(b2BroadPhase.obj) : warning LNK4099: PDB 'Box2D.pdb' was not found with 'Box2D.lib(b2BroadPhase.obj)' or at 'C:\Users\19177\source\repos\Nightingale\x64\Debug\Box2D.pdb'; linking object as if no debug info
Box2D.lib(b2CollideCircle.obj) : warning LNK4099: PDB 'Box2D.pdb' was not found with 'Box2D.lib(b2CollideCircle.obj)' or at 'C:\Users\19177\source\repos\Nightingale\x64\Debug\Box2D.pdb'; linking object as if no debug info
Box2D.lib(b2CollideEdge.obj) : warning LNK4099: PDB 'Box2D.pdb' was not found with 'Box2D.lib(b2CollideEdge.obj)' or at 'C:\Users\19177\source\repos\Nightingale\x64\Debug\Box2D.pdb'; linking object as if no debug info
Box2D.lib(b2CollidePolygon.obj) : warning LNK4099: PDB 'Box2D.pdb' was not found with 'Box2D.lib(b2CollidePolygon.obj)' or at 'C:\Users\19177\source\repos\Nightingale\x64\Debug\Box2D.pdb'; linking object as if no debug info
Box2D.lib(b2Collision.obj) : warning LNK4099: PDB 'Box2D.pdb' was not found with 'Box2D.lib(b2Collision.obj)' or at 'C:\Users\19177\source\repos\Nightingale\x64\Debug\Box2D.pdb'; linking object as if no debug info
Box2D.lib(b2Distance.obj) : warning LNK4099: PDB 'Box2D.pdb' was not found with 'Box2D.lib(b2Distance.obj)' or at 'C:\Users\19177\source\repos\Nightingale\x64\Debug\Box2D.pdb'; linking object as if no debug info
Box2D.lib(b2DynamicTree.obj) : warning LNK4099: PDB 'Box2D.pdb' was not found with 'Box2D.lib(b2DynamicTree.obj)' or at 'C:\Users\19177\source\repos\Nightingale\x64\Debug\Box2D.pdb'; linking object as if no debug info
Box2D.lib(b2TimeOfImpact.obj) : warning LNK4099: PDB 'Box2D.pdb' was not found with 'Box2D.lib(b2TimeOfImpact.obj)' or at 'C:\Users\19177\source\repos\Nightingale\x64\Debug\Box2D.pdb'; linking object as if no debug info
Box2D.lib(b2BlockAllocator.obj) : warning LNK4099: PDB 'Box2D.pdb' was not found with 'Box2D.lib(b2BlockAllocator.obj)' or at 'C:\Users\19177\source\repos\Nightingale\x64\Debug\Box2D.pdb'; linking object as if no debug info
Box2D.lib(b2Draw.obj) : warning LNK4099: PDB 'Box2D.pdb' was not found with 'Box2D.lib(b2Draw.obj)' or at 'C:\Users\19177\source\repos\Nightingale\x64\Debug\Box2D.pdb'; linking object as if no debug info
Box2D.lib(b2Math.obj) : warning LNK4099: PDB 'Box2D.pdb' was not found with 'Box2D.lib(b2Math.obj)' or at 'C:\Users\19177\source\repos\Nightingale\x64\Debug\Box2D.pdb'; linking object as if no debug info
Box2D.lib(b2Settings.obj) : warning LNK4099: PDB 'Box2D.pdb' was not found with 'Box2D.lib(b2Settings.obj)' or at 'C:\Users\19177\source\repos\Nightingale\x64\Debug\Box2D.pdb'; linking object as if no debug info
Box2D.lib(b2StackAllocator.obj) : warning LNK4099: PDB 'Box2D.pdb' was not found with 'Box2D.lib(b2StackAllocator.obj)' or at 'C:\Users\19177\source\repos\Nightingale\x64\Debug\Box2D.pdb'; linking object as if no debug info
Box2D.lib(b2Timer.obj) : warning LNK4099: PDB 'Box2D.pdb' was not found with 'Box2D.lib(b2Timer.obj)' or at 'C:\Users\19177\source\repos\Nightingale\x64\Debug\Box2D.pdb'; linking object as if no debug info
Box2D.lib(b2ChainAndCircleContact.obj) : warning LNK4099: PDB 'Box2D.pdb' was not found with 'Box2D.lib(b2ChainAndCircleContact.obj)' or at 'C:\Users\19177\source\repos\Nightingale\x64\Debug\Box2D.pdb'; linking object as if no debug info
Box2D.lib(b2ChainAndPolygonContact.obj) : warning LNK4099: PDB 'Box2D.pdb' was not found with 'Box2D.lib(b2ChainAndPolygonContact.obj)' or at 'C:\Users\19177\source\repos\Nightingale\x64\Debug\Box2D.pdb'; linking object as if no debug info
Box2D.lib(b2CircleContact.obj) : warning LNK4099: PDB 'Box2D.pdb' was not found with 'Box2D.lib(b2CircleContact.obj)' or at 'C:\Users\19177\source\repos\Nightingale\x64\Debug\Box2D.pdb'; linking object as if no debug info
Box2D.lib(b2Contact.obj) : warning LNK4099: PDB 'Box2D.pdb' was not found with 'Box2D.lib(b2Contact.obj)' or at 'C:\Users\19177\source\repos\Nightingale\x64\Debug\Box2D.pdb'; linking object as if no debug info
Box2D.lib(b2ContactSolver.obj) : warning LNK4099: PDB 'Box2D.pdb' was not found with 'Box2D.lib(b2ContactSolver.obj)' or at 'C:\Users\19177\source\repos\Nightingale\x64\Debug\Box2D.pdb'; linking object as if no debug info
Box2D.lib(b2EdgeAndCircleContact.obj) : warning LNK4099: PDB 'Box2D.pdb' was not found with 'Box2D.lib(b2EdgeAndCircleContact.obj)' or at 'C:\Users\19177\source\repos\Nightingale\x64\Debug\Box2D.pdb'; linking object as if no debug info
Box2D.lib(b2EdgeAndPolygonContact.obj) : warning LNK4099: PDB 'Box2D.pdb' was not found with 'Box2D.lib(b2EdgeAndPolygonContact.obj)' or at 'C:\Users\19177\source\repos\Nightingale\x64\Debug\Box2D.pdb'; linking object as if no debug info
Box2D.lib(b2PolygonAndCircleContact.obj) : warning LNK4099: PDB 'Box2D.pdb' was not found with 'Box2D.lib(b2PolygonAndCircleContact.obj)' or at 'C:\Users\19177\source\repos\Nightingale\x64\Debug\Box2D.pdb'; linking object as if no debug info
Box2D.lib(b2PolygonContact.obj) : warning LNK4099: PDB 'Box2D.pdb' was not found with 'Box2D.lib(b2PolygonContact.obj)' or at 'C:\Users\19177\source\repos\Nightingale\x64\Debug\Box2D.pdb'; linking object as if no debug info
Box2D.lib(b2DistanceJoint.obj) : warning LNK4099: PDB 'Box2D.pdb' was not found with 'Box2D.lib(b2DistanceJoint.obj)' or at 'C:\Users\19177\source\repos\Nightingale\x64\Debug\Box2D.pdb'; linking object as if no debug info
Box2D.lib(b2FrictionJoint.obj) : warning LNK4099: PDB 'Box2D.pdb' was not found with 'Box2D.lib(b2FrictionJoint.obj)' or at 'C:\Users\19177\source\repos\Nightingale\x64\Debug\Box2D.pdb'; linking object as if no debug info
Box2D.lib(b2GearJoint.obj) : warning LNK4099: PDB 'Box2D.pdb' was not found with 'Box2D.lib(b2GearJoint.obj)' or at 'C:\Users\19177\source\repos\Nightingale\x64\Debug\Box2D.pdb'; linking object as if no debug info
Box2D.lib(b2Joint.obj) : warning LNK4099: PDB 'Box2D.pdb' was not found with 'Box2D.lib(b2Joint.obj)' or at 'C:\Users\19177\source\repos\Nightingale\x64\Debug\Box2D.pdb'; linking object as if no debug info
Box2D.lib(b2MotorJoint.obj) : warning LNK4099: PDB 'Box2D.pdb' was not found with 'Box2D.lib(b2MotorJoint.obj)' or at 'C:\Users\19177\source\repos\Nightingale\x64\Debug\Box2D.pdb'; linking object as if no debug info
Box2D.lib(b2MouseJoint.obj) : warning LNK4099: PDB 'Box2D.pdb' was not found with 'Box2D.lib(b2MouseJoint.obj)' or at 'C:\Users\19177\source\repos\Nightingale\x64\Debug\Box2D.pdb'; linking object as if no debug info
Box2D.lib(b2PrismaticJoint.obj) : warning LNK4099: PDB 'Box2D.pdb' was not found with 'Box2D.lib(b2PrismaticJoint.obj)' or at 'C:\Users\19177\source\repos\Nightingale\x64\Debug\Box2D.pdb'; linking object as if no debug info
Box2D.lib(b2PulleyJoint.obj) : warning LNK4099: PDB 'Box2D.pdb' was not found with 'Box2D.lib(b2PulleyJoint.obj)' or at 'C:\Users\19177\source\repos\Nightingale\x64\Debug\Box2D.pdb'; linking object as if no debug info
Box2D.lib(b2RevoluteJoint.obj) : warning LNK4099: PDB 'Box2D.pdb' was not found with 'Box2D.lib(b2RevoluteJoint.obj)' or at 'C:\Users\19177\source\repos\Nightingale\x64\Debug\Box2D.pdb'; linking object as if no debug info
Box2D.lib(b2RopeJoint.obj) : warning LNK4099: PDB 'Box2D.pdb' was not found with 'Box2D.lib(b2RopeJoint.obj)' or at 'C:\Users\19177\source\repos\Nightingale\x64\Debug\Box2D.pdb'; linking object as if no debug info
Box2D.lib(b2WeldJoint.obj) : warning LNK4099: PDB 'Box2D.pdb' was not found with 'Box2D.lib(b2WeldJoint.obj)' or at 'C:\Users\19177\source\repos\Nightingale\x64\Debug\Box2D.pdb'; linking object as if no debug info
Box2D.lib(b2WheelJoint.obj) : warning LNK4099: PDB 'Box2D.pdb' was not found with 'Box2D.lib(b2WheelJoint.obj)' or at 'C:\Users\19177\source\repos\Nightingale\x64\Debug\Box2D.pdb'; linking object as if no debug info
Box2D.lib(b2Body.obj) : warning LNK4099: PDB 'Box2D.pdb' was not found with 'Box2D.lib(b2Body.obj)' or at 'C:\Users\19177\source\repos\Nightingale\x64\Debug\Box2D.pdb'; linking object as if no debug info
Box2D.lib(b2ContactManager.obj) : warning LNK4099: PDB 'Box2D.pdb' was not found with 'Box2D.lib(b2ContactManager.obj)' or at 'C:\Users\19177\source\repos\Nightingale\x64\Debug\Box2D.pdb'; linking object as if no debug info
Box2D.lib(b2Fixture.obj) : warning LNK4099: PDB 'Box2D.pdb' was not found with 'Box2D.lib(b2Fixture.obj)' or at 'C:\Users\19177\source\repos\Nightingale\x64\Debug\Box2D.pdb'; linking object as if no debug info
Box2D.lib(b2Island.obj) : warning LNK4099: PDB 'Box2D.pdb' was not found with 'Box2D.lib(b2Island.obj)' or at 'C:\Users\19177\source\repos\Nightingale\x64\Debug\Box2D.pdb'; linking object as if no debug info
Box2D.lib(b2World.obj) : warning LNK4099: PDB 'Box2D.pdb' was not found with 'Box2D.lib(b2World.obj)' or at 'C:\Users\19177\source\repos\Nightingale\x64\Debug\Box2D.pdb'; linking object as if no debug info
Box2D.lib(b2WorldCallbacks.obj) : warning LNK4099: PDB 'Box2D.pdb' was not found with 'Box2D.lib(b2WorldCallbacks.obj)' or at 'C:\Users\19177\source\repos\Nightingale\x64\Debug\Box2D.pdb'; linking object as if no debug info
  TNAFN.vcxproj -> C:\Users\19177\source\repos\Nightingale\x64\Debug\TNAFN.exe
